<?xml version="1.0" encoding="UTF-8"?>
<robot generator="Robot 3.1.1 (Python 3.7.2 on win32)" generated="20190322 13:26:59.280" rpa="false">
<suite id="s1" name="Lynda Project" source="D:\users\xkk\pub_GH\Robot_Lynda_Project\Tests\lynda_project.robot">
<test id="s1-t1" name="Test Case 1">
<kw name="Start tests" library="common" type="setup">
<kw name="Open Browser" library="SeleniumLibrary">
<doc>Opens a new browser instance to the given ``url``.</doc>
<arguments>
<arg>about:blank</arg>
<arg>ff</arg>
</arguments>
<msg timestamp="20190322 13:26:59.530" level="INFO">Opening browser 'ff' to base url 'about:blank'.</msg>
<status status="PASS" starttime="20190322 13:26:59.530" endtime="20190322 13:27:04.692"></status>
</kw>
<status status="PASS" starttime="20190322 13:26:59.530" endtime="20190322 13:27:04.692"></status>
</kw>
<kw name="Log" library="BuiltIn">
<doc>Logs the given message with the given level.</doc>
<arguments>
<arg>Hello World</arg>
</arguments>
<msg timestamp="20190322 13:27:04.692" level="INFO">Hello World</msg>
<status status="PASS" starttime="20190322 13:27:04.692" endtime="20190322 13:27:04.692"></status>
</kw>
<status status="PASS" starttime="20190322 13:26:59.530" endtime="20190322 13:27:04.692" critical="yes"></status>
</test>
<doc>This is the lynda project which tests one particular website</doc>
<status status="PASS" starttime="20190322 13:26:59.296" endtime="20190322 13:27:04.692"></status>
</suite>
<statistics>
<total>
<stat pass="1" fail="0">Critical Tests</stat>
<stat pass="1" fail="0">All Tests</stat>
</total>
<tag>
</tag>
<suite>
<stat pass="1" fail="0" id="s1" name="Lynda Project">Lynda Project</stat>
</suite>
</statistics>
<errors>
</errors>
</robot>
